1655644008415	geckodriver	INFO	Listening on 127.0.0.1:54309
1655644024070	geckodriver	INFO	Listening on 127.0.0.1:39745
1655644108134	geckodriver	INFO	Listening on 127.0.0.1:35445
1655644200485	geckodriver	INFO	Listening on 127.0.0.1:44655
1655644200505	mozrunner::runner	INFO	Running command: "/bin/firefox" "--marionette" "-no-remote" "-profile" "/tmp/rust_mozprofileb7A0RL"
1655644201950	Marionette	INFO	Marionette enabled
console.warn: SearchSettings: "get: No settings file exists, new profile?" (new NotFoundError("Could not open the file at /tmp/rust_mozprofileb7A0RL/search.json.mozlz4", (void 0)))
1655644203072	Marionette	INFO	Listening on port 42115
1655644203151	RemoteAgent	WARN	TLS certificate errors will be ignored for this session
1655644203313	geckodriver	INFO	Listening on 127.0.0.1:47789
1655644203336	mozrunner::runner	INFO	Running command: "/bin/firefox" "--marionette" "-no-remote" "-profile" "/tmp/rust_mozprofile4luCd5"
1655644203919	Marionette	INFO	Marionette enabled
console.warn: SearchSettings: "get: No settings file exists, new profile?" (new NotFoundError("Could not open the file at /tmp/rust_mozprofile4luCd5/search.json.mozlz4", (void 0)))
1655644205086	Marionette	INFO	Listening on port 43219
1655644205154	RemoteAgent	WARN	TLS certificate errors will be ignored for this session
1655644213730	Marionette	INFO	Stopped listening on port 43219
JavaScript error: resource:///modules/Interactions.jsm, line 209: NS_ERROR_FAILURE: Component returned failure code: 0x80004005 (NS_ERROR_FAILURE) [nsIUserIdleService.removeIdleObserver]
JavaScript error: chrome://remote/content/marionette/cert.js, line 55: NS_ERROR_NOT_AVAILABLE: Component returned failure code: 0x80040111 (NS_ERROR_NOT_AVAILABLE) [nsICertOverrideService.setDisableAllSecurityChecksAndLetAttackersInterceptMyData]

###!!! [Parent][RunMessage] Error: Channel closing: too late to send/recv, messages will be lost

1655644226077	geckodriver::marionette	ERROR	Failed to close browser connection: Socket not connected (os error 107)
1655644229039	Marionette	INFO	Stopped listening on port 42115
JavaScript error: resource:///modules/Interactions.jsm, line 209: NS_ERROR_FAILURE: Component returned failure code: 0x80004005 (NS_ERROR_FAILURE) [nsIUserIdleService.removeIdleObserver]
JavaScript error: chrome://remote/content/marionette/cert.js, line 55: NS_ERROR_NOT_AVAILABLE: Component returned failure code: 0x80040111 (NS_ERROR_NOT_AVAILABLE) [nsICertOverrideService.setDisableAllSecurityChecksAndLetAttackersInterceptMyData]

###!!! [Parent][RunMessage] Error: Channel closing: too late to send/recv, messages will be lost

1655644248219	geckodriver	INFO	Listening on 127.0.0.1:44019
1655644248241	mozrunner::runner	INFO	Running command: "/bin/firefox" "--marionette" "-no-remote" "-profile" "/tmp/rust_mozprofilef2PoGu"
1655644249186	Marionette	INFO	Marionette enabled
console.warn: SearchSettings: "get: No settings file exists, new profile?" (new NotFoundError("Could not open the file at /tmp/rust_mozprofilef2PoGu/search.json.mozlz4", (void 0)))
1655644250296	Marionette	INFO	Listening on port 40781
1655644250369	RemoteAgent	WARN	TLS certificate errors will be ignored for this session
JavaScript error: resource://gre/modules/PartitioningExceptionListService.jsm, line 69: NS_ERROR_MALFORMED_URI: Component returned failure code: 0x804b000a (NS_ERROR_MALFORMED_URI) [nsIPartitioningExceptionListObserver.onExceptionListUpdate]
JavaScript error: resource://gre/actors/AutoCompleteChild.jsm, line 125: Error: Invalid autocomplete selectedIndex
JavaScript error: resource://gre/actors/AutoCompleteChild.jsm, line 125: Error: Invalid autocomplete selectedIndex
JavaScript error: resource://gre/modules/LoginManagerChild.jsm, line 194: NS_ERROR_XPC_JAVASCRIPT_ERROR_WITH_DETAILS: [JavaScript Error: "Invalid autocomplete selectedIndex" {file: "resource://gre/actors/AutoCompleteChild.jsm" line: 125}]'[JavaScript Error: "Invalid autocomplete selectedIndex" {file: "resource://gre/actors/AutoCompleteChild.jsm" line: 125}]' when calling method: [nsIAutoCompletePopup::selectedIndex]
JavaScript warning: https://assets.nflxext.com/en_us/ffe/player/html/cadmium-playercore-6.0035.388.911.js, line 1: unreachable code after return statement
JavaScript warning: https://assets.nflxext.com/en_us/ffe/player/html/cadmium-playercore-6.0035.388.911.js, line 1: unreachable code after return statement
JavaScript warning: https://assets.nflxext.com/en_us/ffe/player/html/cadmium-playercore-6.0035.388.911.js, line 1: unreachable code after return statement
JavaScript warning: https://assets.nflxext.com/en_us/ffe/player/html/cadmium-playercore-6.0035.388.911.js, line 1: unreachable code after return statement
JavaScript warning: https://assets.nflxext.com/en_us/ffe/player/html/cadmium-playercore-6.0035.388.911.js, line 1: unreachable code after return statement
JavaScript warning: https://assets.nflxext.com/en_us/ffe/player/html/cadmium-playercore-6.0035.388.911.js, line 1: unreachable code after return statement
JavaScript warning: https://assets.nflxext.com/en_us/ffe/player/html/cadmium-playercore-6.0035.388.911.js, line 1: unreachable code after return statement
JavaScript warning: https://assets.nflxext.com/en_us/ffe/player/html/cadmium-playercore-6.0035.388.911.js, line 1: unreachable code after return statement
JavaScript warning: https://assets.nflxext.com/en_us/ffe/player/html/cadmium-playercore-6.0035.388.911.js, line 1: unreachable code after return statement
JavaScript warning: https://assets.nflxext.com/en_us/ffe/player/html/cadmium-playercore-6.0035.388.911.js, line 1: unreachable code after return statement
JavaScript warning: https://assets.nflxext.com/en_us/ffe/player/html/cadmium-playercore-6.0035.388.911.js, line 1: unreachable code after return statement
JavaScript warning: https://assets.nflxext.com/en_us/ffe/player/html/cadmium-playercore-6.0035.388.911.js, line 1: unreachable code after return statement
JavaScript warning: https://assets.nflxext.com/en_us/ffe/player/html/cadmium-playercore-6.0035.388.911.js, line 1: unreachable code after return statement
JavaScript warning: https://assets.nflxext.com/en_us/ffe/player/html/cadmium-playercore-6.0035.388.911.js, line 1: unreachable code after return statement
JavaScript warning: https://assets.nflxext.com/en_us/ffe/player/html/cadmium-playercore-6.0035.388.911.js, line 1: unreachable code after return statement
JavaScript warning: https://assets.nflxext.com/en_us/ffe/player/html/cadmium-playercore-6.0035.388.911.js, line 1: unreachable code after return statement
JavaScript warning: https://assets.nflxext.com/en_us/ffe/player/html/cadmium-playercore-6.0035.388.911.js, line 1: unreachable code after return statement
JavaScript warning: https://assets.nflxext.com/en_us/ffe/player/html/cadmium-playercore-6.0035.388.911.js, line 1: unreachable code after return statement
JavaScript warning: https://assets.nflxext.com/en_us/ffe/player/html/cadmium-playercore-6.0035.388.911.js, line 1: unreachable code after return statement
JavaScript warning: https://assets.nflxext.com/en_us/ffe/player/html/cadmium-playercore-6.0035.388.911.js, line 1: unreachable code after return statement
JavaScript warning: https://assets.nflxext.com/en_us/ffe/player/html/cadmium-playercore-6.0035.388.911.js, line 1: unreachable code after return statement
JavaScript warning: https://assets.nflxext.com/en_us/ffe/player/html/cadmium-playercore-6.0035.388.911.js, line 1: unreachable code after return statement
JavaScript warning: https://assets.nflxext.com/en_us/ffe/player/html/cadmium-playercore-6.0035.388.911.js, line 1: unreachable code after return statement
JavaScript warning: https://assets.nflxext.com/en_us/ffe/player/html/cadmium-playercore-6.0035.388.911.js, line 1: unreachable code after return statement
JavaScript warning: https://assets.nflxext.com/en_us/ffe/player/html/cadmium-playercore-6.0035.388.911.js, line 1: unreachable code after return statement
JavaScript warning: https://assets.nflxext.com/en_us/ffe/player/html/cadmium-playercore-6.0035.388.911.js, line 1: unreachable code after return statement
JavaScript warning: https://assets.nflxext.com/en_us/ffe/player/html/cadmium-playercore-6.0035.388.911.js, line 1: unreachable code after return statement
JavaScript warning: https://assets.nflxext.com/en_us/ffe/player/html/cadmium-playercore-6.0035.388.911.js, line 1: unreachable code after return statement
JavaScript warning: https://assets.nflxext.com/en_us/ffe/player/html/cadmium-playercore-6.0035.388.911.js, line 1: unreachable code after return statement
JavaScript warning: https://assets.nflxext.com/en_us/ffe/player/html/cadmium-playercore-6.0035.388.911.js, line 1: unreachable code after return statement
JavaScript warning: https://assets.nflxext.com/en_us/ffe/player/html/cadmium-playercore-6.0035.388.911.js, line 1: unreachable code after return statement
JavaScript warning: https://assets.nflxext.com/en_us/ffe/player/html/cadmium-playercore-6.0035.388.911.js, line 1: unreachable code after return statement
JavaScript warning: https://assets.nflxext.com/en_us/ffe/player/html/cadmium-playercore-6.0035.388.911.js, line 1: unreachable code after return statement
JavaScript warning: https://assets.nflxext.com/en_us/ffe/player/html/cadmium-playercore-6.0035.388.911.js, line 1: unreachable code after return statement
JavaScript warning: https://assets.nflxext.com/en_us/ffe/player/html/cadmium-playercore-6.0035.388.911.js, line 1: unreachable code after return statement
JavaScript warning: https://assets.nflxext.com/en_us/ffe/player/html/cadmium-playercore-6.0035.388.911.js, line 1: unreachable code after return statement
JavaScript warning: https://assets.nflxext.com/en_us/ffe/player/html/cadmium-playercore-6.0035.388.911.js, line 1: unreachable code after return statement
JavaScript warning: https://assets.nflxext.com/en_us/ffe/player/html/cadmium-playercore-6.0035.388.911.js, line 1: unreachable code after return statement
JavaScript warning: https://assets.nflxext.com/en_us/ffe/player/html/cadmium-playercore-6.0035.388.911.js, line 1: unreachable code after return statement
JavaScript warning: https://assets.nflxext.com/en_us/ffe/player/html/cadmium-playercore-6.0035.388.911.js, line 1: unreachable code after return statement
JavaScript warning: https://assets.nflxext.com/en_us/ffe/player/html/cadmium-playercore-6.0035.388.911.js, line 1: unreachable code after return statement
JavaScript warning: https://assets.nflxext.com/en_us/ffe/player/html/cadmium-playercore-6.0035.388.911.js, line 1: unreachable code after return statement
JavaScript warning: https://assets.nflxext.com/en_us/ffe/player/html/cadmium-playercore-6.0035.388.911.js, line 1: unreachable code after return statement
JavaScript warning: https://assets.nflxext.com/en_us/ffe/player/html/cadmium-playercore-6.0035.388.911.js, line 1: unreachable code after return statement
JavaScript warning: https://assets.nflxext.com/en_us/ffe/player/html/cadmium-playercore-6.0035.388.911.js, line 1: unreachable code after return statement
JavaScript warning: https://assets.nflxext.com/en_us/ffe/player/html/cadmium-playercore-6.0035.388.911.js, line 1: unreachable code after return statement
JavaScript warning: https://assets.nflxext.com/en_us/ffe/player/html/cadmium-playercore-6.0035.388.911.js, line 1: unreachable code after return statement
JavaScript warning: https://assets.nflxext.com/en_us/ffe/player/html/cadmium-playercore-6.0035.388.911.js, line 1: unreachable code after return statement
JavaScript warning: https://assets.nflxext.com/en_us/ffe/player/html/cadmium-playercore-6.0035.388.911.js, line 1: unreachable code after return statement
JavaScript warning: https://assets.nflxext.com/en_us/ffe/player/html/cadmium-playercore-6.0035.388.911.js, line 1: unreachable code after return statement
JavaScript warning: https://assets.nflxext.com/en_us/ffe/player/html/cadmium-playercore-6.0035.388.911.js, line 1: unreachable code after return statement
JavaScript warning: https://assets.nflxext.com/en_us/ffe/player/html/cadmium-playercore-6.0035.388.911.js, line 1: unreachable code after return statement
JavaScript warning: https://assets.nflxext.com/en_us/ffe/player/html/cadmium-playercore-6.0035.388.911.js, line 1: unreachable code after return statement
JavaScript warning: https://assets.nflxext.com/en_us/ffe/player/html/cadmium-playercore-6.0035.388.911.js, line 1: unreachable code after return statement
JavaScript warning: https://assets.nflxext.com/en_us/ffe/player/html/cadmium-playercore-6.0035.388.911.js, line 1: unreachable code after return statement
JavaScript warning: https://assets.nflxext.com/en_us/ffe/player/html/cadmium-playercore-6.0035.388.911.js, line 1: unreachable code after return statement
JavaScript warning: https://assets.nflxext.com/en_us/ffe/player/html/cadmium-playercore-6.0035.388.911.js, line 1: unreachable code after return statement
JavaScript warning: https://assets.nflxext.com/en_us/ffe/player/html/cadmium-playercore-6.0035.388.911.js, line 1: unreachable code after return statement
JavaScript warning: https://assets.nflxext.com/en_us/ffe/player/html/cadmium-playercore-6.0035.388.911.js, line 1: unreachable code after return statement
JavaScript warning: https://assets.nflxext.com/en_us/ffe/player/html/cadmium-playercore-6.0035.388.911.js, line 1: unreachable code after return statement
JavaScript warning: https://assets.nflxext.com/en_us/ffe/player/html/cadmium-playercore-6.0035.388.911.js, line 1: unreachable code after return statement
JavaScript warning: https://assets.nflxext.com/en_us/ffe/player/html/cadmium-playercore-6.0035.388.911.js, line 1: unreachable code after return statement
JavaScript warning: https://assets.nflxext.com/en_us/ffe/player/html/cadmium-playercore-6.0035.388.911.js, line 1: unreachable code after return statement
JavaScript warning: https://assets.nflxext.com/en_us/ffe/player/html/cadmium-playercore-6.0035.388.911.js, line 1: unreachable code after return statement
JavaScript warning: https://assets.nflxext.com/en_us/ffe/player/html/cadmium-playercore-6.0035.388.911.js, line 1: unreachable code after return statement
JavaScript warning: https://assets.nflxext.com/en_us/ffe/player/html/cadmium-playercore-6.0035.388.911.js, line 1: unreachable code after return statement
JavaScript warning: https://assets.nflxext.com/en_us/ffe/player/html/cadmium-playercore-6.0035.388.911.js, line 1: unreachable code after return statement
Exiting due to channel error.
Exiting due to channel error.
Exiting due to channel error.
1655644340190	geckodriver	INFO	Listening on 127.0.0.1:33681
1655644340211	mozrunner::runner	INFO	Running command: "/bin/firefox" "--marionette" "-no-remote" "-profile" "/tmp/rust_mozprofileGAswCR"
1655644341007	Marionette	INFO	Marionette enabled
console.warn: SearchSettings: "get: No settings file exists, new profile?" (new NotFoundError("Could not open the file at /tmp/rust_mozprofileGAswCR/search.json.mozlz4", (void 0)))
1655644342093	Marionette	INFO	Listening on port 46865
1655644342135	RemoteAgent	WARN	TLS certificate errors will be ignored for this session
JavaScript error: resource://gre/modules/PartitioningExceptionListService.jsm, line 69: NS_ERROR_MALFORMED_URI: Component returned failure code: 0x804b000a (NS_ERROR_MALFORMED_URI) [nsIPartitioningExceptionListObserver.onExceptionListUpdate]
1655644364466	Marionette	INFO	Stopped listening on port 46865
JavaScript error: resource:///modules/Interactions.jsm, line 209: NS_ERROR_FAILURE: Component returned failure code: 0x80004005 (NS_ERROR_FAILURE) [nsIUserIdleService.removeIdleObserver]
JavaScript error: chrome://remote/content/marionette/cert.js, line 55: NS_ERROR_NOT_AVAILABLE: Component returned failure code: 0x80040111 (NS_ERROR_NOT_AVAILABLE) [nsICertOverrideService.setDisableAllSecurityChecksAndLetAttackersInterceptMyData]

###!!! [Parent][RunMessage] Error: Channel closing: too late to send/recv, messages will be lost

1655644464985	geckodriver	INFO	Listening on 127.0.0.1:51149
1655644465005	mozrunner::runner	INFO	Running command: "/bin/firefox" "--marionette" "-no-remote" "-profile" "/tmp/rust_mozprofilekkSOL9"
1655644465936	Marionette	INFO	Marionette enabled
console.warn: SearchSettings: "get: No settings file exists, new profile?" (new NotFoundError("Could not open the file at /tmp/rust_mozprofilekkSOL9/search.json.mozlz4", (void 0)))
1655644467035	Marionette	INFO	Listening on port 44493
1655644467127	RemoteAgent	WARN	TLS certificate errors will be ignored for this session
JavaScript error: resource://gre/modules/PartitioningExceptionListService.jsm, line 69: NS_ERROR_MALFORMED_URI: Component returned failure code: 0x804b000a (NS_ERROR_MALFORMED_URI) [nsIPartitioningExceptionListObserver.onExceptionListUpdate]
Exiting due to channel error.
Exiting due to channel error.
Exiting due to channel error.
1655644492063	geckodriver	INFO	Listening on 127.0.0.1:33689
1655644492083	mozrunner::runner	INFO	Running command: "/bin/firefox" "--marionette" "-no-remote" "-profile" "/tmp/rust_mozprofileW5EkLj"
1655644493329	Marionette	INFO	Marionette enabled
console.warn: SearchSettings: "get: No settings file exists, new profile?" (new NotFoundError("Could not open the file at /tmp/rust_mozprofileW5EkLj/search.json.mozlz4", (void 0)))
1655644494415	Marionette	INFO	Listening on port 44825
1655644494508	RemoteAgent	WARN	TLS certificate errors will be ignored for this session
JavaScript error: resource://gre/modules/PartitioningExceptionListService.jsm, line 69: NS_ERROR_MALFORMED_URI: Component returned failure code: 0x804b000a (NS_ERROR_MALFORMED_URI) [nsIPartitioningExceptionListObserver.onExceptionListUpdate]
Exiting due to channel error.
Exiting due to channel error.
Exiting due to channel error.
